<?xml version="1.0" encoding="UTF-8"?>
<!-- Generated by org.testng.reporters.JUnitXMLReporter -->
<testsuite ignored="0" hostname="saravana-2405" failures="0" tests="4" name="Default test" time="6.852" errors="0" timestamp="2025-06-11T22:24:52 IST">
  <testcase classname="api.test.UserTests2" name="testPostUser" time="1.685"/>
  <testcase classname="api.test.UserTests2" name="testGetUserByName" time="1.284"/>
  <testcase classname="api.test.UserTests2" name="testUpdateUserByName" time="2.392"/>
  <testcase classname="api.test.UserTests2" name="testDeleteUserByName" time="1.277"/>
</testsuite> <!-- Default test -->
