<?xml version="1.0" encoding="UTF-8"?>
<!-- Generated by org.testng.reporters.JUnitXMLReporter -->
<testsuite ignored="0" hostname="saravana-2405" failures="0" tests="4" name="PetTests" time="7.623" errors="0" timestamp="2025-06-13T17:23:13 IST">
  <testcase classname="api.test.UserTests2" name="testPostUser" time="2.731"/>
  <testcase classname="api.test.UserTests2" name="testGetUserByName" time="1.092"/>
  <testcase classname="api.test.UserTests2" name="testUpdateUserByName" time="2.275"/>
  <testcase classname="api.test.UserTests2" name="testDeleteUserByName" time="1.172"/>
</testsuite> <!-- PetTests -->
