<?xml version="1.0" encoding="UTF-8"?>
<!-- Generated by org.testng.reporters.JUnitXMLReporter -->
<testsuite ignored="0" hostname="saravana-2405" failures="0" tests="4" name="PetTests" time="7.425" errors="0" timestamp="2025-06-12T16:29:53 IST">
  <testcase classname="api.test.UserTests2" name="testPostUser" time="1.672"/>
  <testcase classname="api.test.UserTests2" name="testGetUserByName" time="2.325"/>
  <testcase classname="api.test.UserTests2" name="testUpdateUserByName" time="2.141"/>
  <testcase classname="api.test.UserTests2" name="testDeleteUserByName" time="1.025"/>
</testsuite> <!-- PetTests -->
