<?xml version="1.0" encoding="UTF-8"?>
<!-- Generated by org.testng.reporters.JUnitXMLReporter -->
<testsuite ignored="0" hostname="saravana-2405" failures="0" tests="4" name="PetTests" time="6.333" errors="0" timestamp="2025-06-12T10:52:38 IST">
  <testcase classname="api.test.UserTests2" name="testPostUser" time="1.565"/>
  <testcase classname="api.test.UserTests2" name="testGetUserByName" time="1.272"/>
  <testcase classname="api.test.UserTests2" name="testUpdateUserByName" time="2.2"/>
  <testcase classname="api.test.UserTests2" name="testDeleteUserByName" time="1.034"/>
</testsuite> <!-- PetTests -->
